2018-03-25 23:57:37,919 [INFO] from play.api.http.EnabledFilters in play-dev-mode-akka.actor.default-dispatcher-4 - Enabled Filters (see <https://www.playframework.com/documentation/latest/Filters>):

    play.filters.csrf.CSRFFilter
    play.filters.headers.SecurityHeadersFilter
    play.filters.hosts.AllowedHostsFilter

2018-03-25 23:57:37,924 [INFO] from play.api.Play in play-dev-mode-akka.actor.default-dispatcher-4 - Application started (Dev)
2018-03-25 23:58:58,906 [INFO] from play.api.http.EnabledFilters in play-dev-mode-akka.actor.default-dispatcher-49 - Enabled Filters (see <https://www.playframework.com/documentation/latest/Filters>):

    play.filters.csrf.CSRFFilter
    play.filters.headers.SecurityHeadersFilter
    play.filters.hosts.AllowedHostsFilter

2018-03-25 23:58:58,907 [INFO] from play.api.Play in play-dev-mode-akka.actor.default-dispatcher-49 - Application started (Dev)
2018-03-25 23:59:52,152 [INFO] from play.api.http.EnabledFilters in play-dev-mode-akka.actor.default-dispatcher-4 - Enabled Filters (see <https://www.playframework.com/documentation/latest/Filters>):

    play.filters.csrf.CSRFFilter
    play.filters.headers.SecurityHeadersFilter
    play.filters.hosts.AllowedHostsFilter

2018-03-25 23:59:52,153 [INFO] from play.api.Play in play-dev-mode-akka.actor.default-dispatcher-4 - Application started (Dev)
2018-03-26 00:00:30,294 [INFO] from play.api.http.EnabledFilters in play-dev-mode-akka.actor.default-dispatcher-49 - Enabled Filters (see <https://www.playframework.com/documentation/latest/Filters>):

    play.filters.csrf.CSRFFilter
    play.filters.headers.SecurityHeadersFilter
    play.filters.hosts.AllowedHostsFilter

2018-03-26 00:00:30,294 [INFO] from play.api.Play in play-dev-mode-akka.actor.default-dispatcher-49 - Application started (Dev)
2018-03-26 00:08:29,476 [INFO] from play.api.http.EnabledFilters in play-dev-mode-akka.actor.default-dispatcher-101 - Enabled Filters (see <https://www.playframework.com/documentation/latest/Filters>):

    play.filters.csrf.CSRFFilter
    play.filters.headers.SecurityHeadersFilter
    play.filters.hosts.AllowedHostsFilter

2018-03-26 00:08:29,476 [INFO] from play.api.Play in play-dev-mode-akka.actor.default-dispatcher-101 - Application started (Dev)
2018-03-26 00:09:40,776 [INFO] from play.api.http.EnabledFilters in play-dev-mode-akka.actor.default-dispatcher-107 - Enabled Filters (see <https://www.playframework.com/documentation/latest/Filters>):

    play.filters.csrf.CSRFFilter
    play.filters.headers.SecurityHeadersFilter
    play.filters.hosts.AllowedHostsFilter

2018-03-26 00:09:40,776 [INFO] from play.api.Play in play-dev-mode-akka.actor.default-dispatcher-107 - Application started (Dev)
